<?xml version="1.0" encoding="UTF-8" ?>
<testsuite tests="12" failures="0" name="cumberwithBDD.BDDFRAMEWORK.TestRunner" time="0.016" errors="0" skipped="3">
  <properties>
[...]
</properties>
  <testcase classname="Scenario: Verification of valid login" name="Given Open the chrome and launch the application" time="0.007"/>
  <testcase classname="Scenario: Verification of valid login" name="When Enter the Username and Password" time="0"/>
  <testcase classname="Scenario: Verification of valid login" name="Then click the login" time="0"/>
  <testcase classname="Scenario: Verification of valid login" name="Scenario: Verification of valid login" time="0"/>
  <testcase classname="Scenario: Logout from the application" name="When Logout from the application" time="0"/>
  <testcase classname="Scenario: Logout from the application" name="Then check the page title" time="0"/>
  <testcase classname="Scenario: Logout from the application" name="Scenario: Logout from the application" time="0.001"/>
  <testcase classname="Scenario: Loginwith invalid username" name="Given Open the chrome and launch the application" time="0"/>
  <testcase classname="Scenario: Loginwith invalid username" name="When Enter the invalid Username and Password" time="0.002">
    <skipped/>
  </testcase>
  <testcase classname="Scenario: Loginwith invalid username" name="Then click the login and chect the page title" time="0.002">
    <skipped/>
  </testcase>
  <testcase classname="Scenario: Loginwith invalid username" name="Scenario: Loginwith invalid username" time="0.002">
    <skipped/>
  </testcase>
  <testcase classname="Scenario: Loginwith invalid username" name="Scenario: Loginwith invalid username" time="0.002"/>
</testsuite>